[LOG] System::create                           : Header version = 1.10.03. Current version = 1.10.03.
[LOG] SystemI::setOutputInternal               : Setting output to 'FMOD WASAPI Output'
[LOG] Manager::init                            : maxchannels = 1024 studioflags = 00000009 flags 00000000 extradriverdata 0000000000000000.
[LOG] SystemI::init                            : Initialize version=11003 (93157), maxchannels=1024, flags=0x00030000
[LOG] OutputWASAPI::init                       : Mix Format (WAVEFORMATEX): wFormatTag=0xFFFE, nChannels=2, nSamplesPerSec=48000, nAvgBytesPerSec=384000, nBlockAlign=8, wBitsPerSample=32, cbSize=22.
[LOG] OutputWASAPI::init                       : Mix Format (WAVEFORMATEXTENSIBLE): wValidBitsPerSample=32, dwChannelMask=0x00000003, SubFormat=00000003-0000-0010-8000-00AA00389B71.
[LOG] OutputWASAPI::init                       : Output buffer size: 4096 samples, latency: 0.00ms, period: 10.00ms, DSP buffer: 1024 * 4
[LOG] Thread::initThread                       : Init FMOD stream thread. Priority: 2, Stack Size: 65536, Semaphore: No, Sleep Time: 10, Looping: Yes.
[LOG] SystemI::DSPCodecPoolRegister            : register codec pool for pool type 5
[LOG] Thread::initThread                       : Init FMOD mixer thread. Priority: 3, Stack Size: 49152, Semaphore: No, Sleep Time: 0, Looping: Yes.
[LOG] AsyncManager::init                       : manager 0000000040E317B8 isAsync 1 updatePeriod 0.02
[LOG] Thread::initThread                       : Init FMOD Studio update thread. Priority: 0, Stack Size: 65536, Semaphore: No, Sleep Time: 1, Looping: No.
[LOG] AsyncManager::init                       : done
[LOG] PlaybackSystem::init                     : 
[LOG] Thread::initThread                       : Init FMOD Studio sample load thread. Priority: 0, Stack Size: 65536, Semaphore: No, Sleep Time: 1, Looping: No.
[LOG] PlaybackSystem::init                     : done
[LOG] LiveUpdate::init                         : 
[LOG] Thread::initThread                       : Init FMOD Studio bank load thread. Priority: 0, Stack Size: 65536, Semaphore: No, Sleep Time: 1, Looping: No.
[LOG] Manager::init                            : done.
[LOG] Profile::init                            : Profiler listening on port: 9264
[LOG] Manager::readBank                        : fileversion = 99, compatVersion = 99 (oldest = 44, newest = 100)
[LOG] Manager::readBank                        : fileversion = 99, compatVersion = 99 (oldest = 44, newest = 100)
[LOG] PlaybackSystem::acquireMasterBus         : Setting master channel group format to 6
[LOG] SystemI::createSound                     : filename = SoundGameJam\Build\Desktop/Master Bank.bank : mode 02010082
[LOG] SystemI::createSound                     : FMOD_NONBLOCKING specified.  Putting into queue to be opened asynchronously!
[LOG] Thread::initThread                       : Init FMOD nonblocking thread (0). Priority: 1, Stack Size: 81920, Semaphore: Yes, Sleep Time: 0, Looping: Yes.
[LOG] SystemI::createSound                     : setdata soundi = 000000001C1BEC58 : node = 000000004099B0D0
[LOG] SystemI::createSound                     : add node to async list : head = 0000000040C98688.  list count = 0
[LOG] AsyncThread::threadFunc                  : Starting Asynchronous operation on sound 000000001C1BEC58
[LOG] SystemI::createSound                     : filename = SoundGameJam\Build\Desktop/Master Bank.bank : mode 02010082
[LOG] SystemI::createSoundInternal             :     Create name='SoundGameJam\Build\Desktop/Master Bank.bank', mode=0x02010082
[LOG] SystemI::createSound                     :     FMOD_NONBLOCKING specified.  Putting into queue to be opened asynchronously!
[LOG] SystemI::createSoundInternal             :     exinfo->cbsize             = 232
[LOG] SystemI::createSoundInternal             :     exinfo->length             = 4743488
[LOG] SystemI::createSound                     :     setdata soundi = 000000001C1BEE08 : node = 0000000040C6B6D0
[LOG] SystemI::createSoundInternal             :     exinfo->fileoffset         = 17056
[LOG] SystemI::createSound                     :     add node to async list : head = 0000000040C98688.  list count = 0
[LOG] SystemI::createSoundInternal             :     exinfo->numsubsounds       = 1
[LOG] SystemI::createSoundInternal             :     exinfo->inclusionlist      = 000000004099B1E8
[LOG] SystemI::createSound                     :     filename = SoundGameJam\Build\Desktop/Master Bank.bank : mode 02010082
[LOG] SystemI::createSoundInternal             :     exinfo->inclusionlistnum   = 1
[LOG] SystemI::createSound                     :     FMOD_NONBLOCKING specified.  Putting into queue to be opened asynchronously!
[LOG] SystemI::createSoundInternal             :     exinfo->suggestedsoundtype = 5
[LOG] SystemI::createSound                     :     setdata soundi = 000000001C1BF168 : node = 00000000409E7420
[LOG] SystemI::createSoundInternal             :     exinfo->initialseekpostype = 1
[LOG] SystemI::createSound                     :     add node to async list : head = 0000000040C98688.  list count = 1
[LOG] SystemI::createSound                     :     filename = SoundGameJam\Build\Desktop/Master Bank.bank : mode 02010082
[LOG] SystemI::createSound                     :     FMOD_NONBLOCKING specified.  Putting into queue to be opened asynchronously!
[LOG] SystemI::createSound                     :     setdata soundi = 000000004113E0C8 : node = 000000000277AE60
[LOG] SystemI::createSound                     :     add node to async list : head = 0000000040C98688.  list count = 2
[LOG] SystemI::createSound                     :     filename = SoundGameJam\Build\Desktop/Master Bank.bank : mode 02010082
[LOG] SystemI::createSound                     :     FMOD_NONBLOCKING specified.  Putting into queue to be opened asynchronously!
[LOG] SystemI::createSound                     :     setdata soundi = 000000004113C5C8 : node = 000000000EDE0B10
[LOG] SystemI::createSound                     :     add node to async list : head = 0000000040C98688.  list count = 3
[LOG] SystemI::createSound                     :     filename = SoundGameJam\Build\Desktop/Master Bank.bank : mode 02010082
[LOG] SystemI::createSound                     :     FMOD_NONBLOCKING specified.  Putting into queue to be opened asynchronously!
[LOG] SystemI::createSound                     :     setdata soundi = 000000004113D198 : node = 00000000409784F0
[LOG] SystemI::createSound                     :     add node to async list : head = 0000000040C98688.  list count = 4
[LOG] SystemI::createSound                     :     filename = SoundGameJam\Build\Desktop/Master Bank.bank : mode 02010082
[LOG] SystemI::createSound                     :     FMOD_NONBLOCKING specified.  Putting into queue to be opened asynchronously!
[LOG] SystemI::createSound                     :     setdata soundi = 000000004113DF18 : node = 0000000040938580
[LOG] SystemI::createSound                     :     add node to async list : head = 0000000040C98688.  list count = 5
[LOG] SystemI::createSound                     :     filename = SoundGameJam\Build\Desktop/Master Bank.bank : mode 02010082
[LOG] SystemI::createSound                     :     FMOD_NONBLOCKING specified.  Putting into queue to be opened asynchronously!
[LOG] SystemI::createSound                     :     setdata soundi = 000000004113D348 : node = 0000000040CD0910
[LOG] SystemI::createSound                     :     add node to async list : head = 0000000040C98688.  list count = 6
[LOG] SystemI::createSound                     :     filename = SoundGameJam\Build\Desktop/Master Bank.bank : mode 02010082
[LOG] SystemI::createSound                     :     FMOD_NONBLOCKING specified.  Putting into queue to be opened asynchronously!
[LOG] SystemI::createSound                     :     setdata soundi = 000000004113C778 : node = 0000000040D88120
[LOG] SystemI::createSound                     :     add node to async list : head = 0000000040C98688.  list count = 7
[LOG] SystemI::createSound                     :     filename = SoundGameJam\Build\Desktop/Master Bank.bank : mode 02010082
[LOG] SystemI::createSound                     :     FMOD_NONBLOCKING specified.  Putting into queue to be opened asynchronously!
[LOG] SystemI::createSound                     :     setdata soundi = 000000004113D4F8 : node = 0000000040D8A690
[LOG] SystemI::createSound                     :     add node to async list : head = 0000000040C98688.  list count = 8
[LOG] SystemI::createSound                     :     filename = SoundGameJam\Build\Desktop/Master Bank.bank : mode 02010082
[LOG] SystemI::createSound                     :     FMOD_NONBLOCKING specified.  Putting into queue to be opened asynchronously!
[LOG] SystemI::createSound                     :     setdata soundi = 000000004113D6A8 : node = 000000001C229410
[LOG] SystemI::createSound                     :     add node to async list : head = 0000000040C98688.  list count = 9
[LOG] SystemI::createSound                     :     filename = SoundGameJam\Build\Desktop/Master Bank.bank : mode 02010082
[LOG] SystemI::createSound                     :     FMOD_NONBLOCKING specified.  Putting into queue to be opened asynchronously!
[LOG] SystemI::createSound                     :     setdata soundi = 000000004113E278 : node = 0000000041144B30
[LOG] SystemI::createSound                     :     add node to async list : head = 0000000040C98688.  list count = 10
[LOG] SystemI::createSoundInternal             :     Stream 0/1: name='Game Jam lvl6', format=2, channels=2, frequency=48000, lengthbytes=730560, lengthpcm=2997073, pcmblocksize=0, loopstart=0, loopend=0, mode=0x00000000, channelmask=0x00000000, channelorder=0, peakvolume=0.081372.
[LOG] Thread::initThread                       :     Init FMOD file thread. Priority: 1, Stack Size: 16384, Semaphore: No, Sleep Time: 10, Looping: Yes.
[LOG] AsyncThread::threadFunc                  : Finished Asynchronous operation on sound 000000001C1BEC58
[LOG] AsyncThread::threadFunc                  : Starting Asynchronous operation on sound 000000001C1BEE08
[LOG] SystemI::createSoundInternal             :     Create name='SoundGameJam\Build\Desktop/Master Bank.bank', mode=0x02010082
[LOG] SystemI::createSoundInternal             :     exinfo->cbsize             = 232
[LOG] SystemI::createSoundInternal             :     exinfo->length             = 4743488
[LOG] SystemI::createSoundInternal             :     exinfo->fileoffset         = 17056
[LOG] SystemI::createSoundInternal             :     exinfo->numsubsounds       = 1
[LOG] SystemI::createSoundInternal             :     exinfo->inclusionlist      = 0000000040C6B7E8
[LOG] SystemI::createSoundInternal             :     exinfo->inclusionlistnum   = 1
[LOG] SystemI::createSoundInternal             :     exinfo->suggestedsoundtype = 5
[LOG] SystemI::createSoundInternal             :     exinfo->initialseekpostype = 1
[LOG] SystemI::createSoundInternal             :     Stream 0/1: name='Game Jam lvl2', format=2, channels=2, frequency=48000, lengthbytes=677376, lengthpcm=2997073, pcmblocksize=0, loopstart=0, loopend=0, mode=0x00000000, channelmask=0x00000000, channelorder=0, peakvolume=0.110946.
[LOG] AsyncThread::threadFunc                  : Finished Asynchronous operation on sound 000000001C1BEE08
[LOG] AsyncThread::threadFunc                  : Starting Asynchronous operation on sound 000000001C1BF168
[LOG] SystemI::createSoundInternal             :     Create name='SoundGameJam\Build\Desktop/Master Bank.bank', mode=0x02010082
[LOG] SystemI::createSoundInternal             :     exinfo->cbsize             = 232
[LOG] SystemI::createSoundInternal             :     exinfo->length             = 4743488
[LOG] SystemI::createSoundInternal             :     exinfo->fileoffset         = 17056
[LOG] SystemI::createSoundInternal             :     exinfo->numsubsounds       = 1
[LOG] SystemI::createSoundInternal             :     exinfo->inclusionlist      = 00000000409E7538
[LOG] SystemI::createSoundInternal             :     exinfo->inclusionlistnum   = 1
[LOG] SystemI::createSoundInternal             :     exinfo->suggestedsoundtype = 5
[LOG] SystemI::createSoundInternal             :     exinfo->initialseekpostype = 1
[LOG] SystemI::createSoundInternal             :     Stream 0/1: name='Game Jam lvl1', format=2, channels=2, frequency=48000, lengthbytes=764896, lengthpcm=2997073, pcmblocksize=0, loopstart=0, loopend=0, mode=0x00000000, channelmask=0x00000000, channelorder=0, peakvolume=0.138355.
[LOG] AsyncThread::threadFunc                  : Finished Asynchronous operation on sound 000000001C1BF168
[LOG] AsyncThread::threadFunc                  : Starting Asynchronous operation on sound 000000004113E0C8
[LOG] SystemI::createSoundInternal             :     Create name='SoundGameJam\Build\Desktop/Master Bank.bank', mode=0x02010082
[LOG] SystemI::createSoundInternal             :     exinfo->cbsize             = 232
[LOG] SystemI::createSoundInternal             :     exinfo->length             = 4743488
[LOG] SystemI::createSoundInternal             :     exinfo->fileoffset         = 17056
[LOG] SystemI::createSoundInternal             :     exinfo->numsubsounds       = 1
[LOG] SystemI::createSoundInternal             :     exinfo->inclusionlist      = 000000000277AF78
[LOG] SystemI::createSoundInternal             :     exinfo->inclusionlistnum   = 1
[LOG] SystemI::createSoundInternal             :     exinfo->suggestedsoundtype = 5
[LOG] SystemI::createSoundInternal             :     exinfo->initialseekpostype = 1
[LOG] SystemI::createSoundInternal             :     Stream 0/1: name='Game Jam lvl3', format=2, channels=2, frequency=48000, lengthbytes=834240, lengthpcm=2997073, pcmblocksize=0, loopstart=0, loopend=0, mode=0x00000000, channelmask=0x00000000, channelorder=0, peakvolume=0.114223.
[LOG] AsyncThread::threadFunc                  : Finished Asynchronous operation on sound 000000004113E0C8
[LOG] AsyncThread::threadFunc                  : Starting Asynchronous operation on sound 000000004113C5C8
[LOG] SystemI::createSoundInternal             :     Create name='SoundGameJam\Build\Desktop/Master Bank.bank', mode=0x02010082
[LOG] SystemI::createSoundInternal             :     exinfo->cbsize             = 232
[LOG] SystemI::createSoundInternal             :     exinfo->length             = 4743488
[LOG] SystemI::createSoundInternal             :     exinfo->fileoffset         = 17056
[LOG] SystemI::createSoundInternal             :     exinfo->numsubsounds       = 1
[LOG] SystemI::createSoundInternal             :     exinfo->inclusionlist      = 000000000EDE0C28
[LOG] SystemI::createSoundInternal             :     exinfo->inclusionlistnum   = 1
[LOG] SystemI::createSoundInternal             :     exinfo->suggestedsoundtype = 5
[LOG] SystemI::createSoundInternal             :     exinfo->initialseekpostype = 1
[LOG] SystemI::createSoundInternal             :     Stream 0/1: name='Game Jam lvl4', format=2, channels=2, frequency=48000, lengthbytes=898816, lengthpcm=2997073, pcmblocksize=0, loopstart=0, loopend=0, mode=0x00000000, channelmask=0x00000000, channelorder=0, peakvolume=0.331942.
[LOG] AsyncThread::threadFunc                  : Finished Asynchronous operation on sound 000000004113C5C8
[LOG] AsyncThread::threadFunc                  : Starting Asynchronous operation on sound 000000004113D198
[LOG] SystemI::createSoundInternal             :     Create name='SoundGameJam\Build\Desktop/Master Bank.bank', mode=0x02010082
[LOG] SystemI::createSoundInternal             :     exinfo->cbsize             = 232
[LOG] SystemI::createSoundInternal             :     exinfo->length             = 4743488
[LOG] SystemI::createSoundInternal             :     exinfo->fileoffset         = 17056
[LOG] SystemI::createSoundInternal             :     exinfo->numsubsounds       = 1
[LOG] SystemI::createSoundInternal             :     exinfo->inclusionlist      = 0000000040978608
[LOG] SystemI::createSoundInternal             :     exinfo->inclusionlistnum   = 1
[LOG] SystemI::createSoundInternal             :     exinfo->suggestedsoundtype = 5
[LOG] SystemI::createSoundInternal             :     exinfo->initialseekpostype = 1
[LOG] SystemI::createSoundInternal             :     Stream 0/1: name='Game Jam lvl5', format=2, channels=2, frequency=48000, lengthbytes=832704, lengthpcm=2997073, pcmblocksize=0, loopstart=0, loopend=0, mode=0x00000000, channelmask=0x00000000, channelorder=0, peakvolume=0.246417.
[LOG] AsyncThread::threadFunc                  : Finished Asynchronous operation on sound 000000004113D198
[LOG] AsyncThread::threadFunc                  : Starting Asynchronous operation on sound 000000004113DF18
[LOG] SystemI::createSoundInternal             :     Create name='SoundGameJam\Build\Desktop/Master Bank.bank', mode=0x02010082
[LOG] SystemI::createSoundInternal             :     exinfo->cbsize             = 232
[LOG] SystemI::createSoundInternal             :     exinfo->length             = 4743488
[LOG] SystemI::createSoundInternal             :     exinfo->fileoffset         = 17056
[LOG] SystemI::createSoundInternal             :     exinfo->numsubsounds       = 1
[LOG] SystemI::createSoundInternal             :     exinfo->inclusionlist      = 0000000040938698
[LOG] SystemI::createSoundInternal             :     exinfo->inclusionlistnum   = 1
[LOG] SystemI::createSoundInternal             :     exinfo->suggestedsoundtype = 5
[LOG] SystemI::createSoundInternal             :     exinfo->initialseekpostype = 1
[LOG] SystemI::createSoundInternal             :     Stream 0/1: name='Game Jam lvl6', format=2, channels=2, frequency=48000, lengthbytes=730560, lengthpcm=2997073, pcmblocksize=0, loopstart=0, loopend=0, mode=0x00000000, channelmask=0x00000000, channelorder=0, peakvolume=0.081372.
[LOG] AsyncThread::threadFunc                  : Finished Asynchronous operation on sound 000000004113DF18
[LOG] AsyncThread::threadFunc                  : Starting Asynchronous operation on sound 000000004113D348
[LOG] SystemI::createSoundInternal             :     Create name='SoundGameJam\Build\Desktop/Master Bank.bank', mode=0x02010082
[LOG] SystemI::createSoundInternal             :     exinfo->cbsize             = 232
[LOG] SystemI::createSoundInternal             :     exinfo->length             = 4743488
[LOG] SystemI::createSoundInternal             :     exinfo->fileoffset         = 17056
[LOG] SystemI::createSoundInternal             :     exinfo->numsubsounds       = 1
[LOG] SystemI::createSoundInternal             :     exinfo->inclusionlist      = 0000000040CD0A28
[LOG] SystemI::createSoundInternal             :     exinfo->inclusionlistnum   = 1
[LOG] SystemI::createSoundInternal             :     exinfo->suggestedsoundtype = 5
[LOG] SystemI::createSoundInternal             :     exinfo->initialseekpostype = 1
[LOG] SystemI::createSoundInternal             :     Stream 0/1: name='Game Jam lvl2', format=2, channels=2, frequency=48000, lengthbytes=677376, lengthpcm=2997073, pcmblocksize=0, loopstart=0, loopend=0, mode=0x00000000, channelmask=0x00000000, channelorder=0, peakvolume=0.110946.
[LOG] AsyncThread::threadFunc                  : Finished Asynchronous operation on sound 000000004113D348
[LOG] AsyncThread::threadFunc                  : Starting Asynchronous operation on sound 000000004113C778
[LOG] SystemI::createSoundInternal             :     Create name='SoundGameJam\Build\Desktop/Master Bank.bank', mode=0x02010082
[LOG] SystemI::createSoundInternal             :     exinfo->cbsize             = 232
[LOG] SystemI::createSoundInternal             :     exinfo->length             = 4743488
[LOG] SystemI::createSoundInternal             :     exinfo->fileoffset         = 17056
[LOG] SystemI::createSoundInternal             :     exinfo->numsubsounds       = 1
[LOG] SystemI::createSoundInternal             :     exinfo->inclusionlist      = 0000000040D88238
[LOG] SystemI::createSoundInternal             :     exinfo->inclusionlistnum   = 1
[LOG] SystemI::createSoundInternal             :     exinfo->suggestedsoundtype = 5
[LOG] SystemI::createSoundInternal             :     exinfo->initialseekpostype = 1
[LOG] SystemI::createSoundInternal             :     Stream 0/1: name='Game Jam lvl1', format=2, channels=2, frequency=48000, lengthbytes=764896, lengthpcm=2997073, pcmblocksize=0, loopstart=0, loopend=0, mode=0x00000000, channelmask=0x00000000, channelorder=0, peakvolume=0.138355.
[LOG] AsyncThread::threadFunc                  : Finished Asynchronous operation on sound 000000004113C778
[LOG] AsyncThread::threadFunc                  : Starting Asynchronous operation on sound 000000004113D4F8
[LOG] SystemI::createSoundInternal             :     Create name='SoundGameJam\Build\Desktop/Master Bank.bank', mode=0x02010082
[LOG] SystemI::createSoundInternal             :     exinfo->cbsize             = 232
[LOG] SystemI::createSoundInternal             :     exinfo->length             = 4743488
[LOG] SystemI::createSoundInternal             :     exinfo->fileoffset         = 17056
[LOG] SystemI::createSoundInternal             :     exinfo->numsubsounds       = 1
[LOG] SystemI::createSoundInternal             :     exinfo->inclusionlist      = 0000000040D8A7A8
[LOG] SystemI::createSoundInternal             :     exinfo->inclusionlistnum   = 1
[LOG] SystemI::createSoundInternal             :     exinfo->suggestedsoundtype = 5
[LOG] SystemI::createSoundInternal             :     exinfo->initialseekpostype = 1
[LOG] SystemI::createSoundInternal             :     Stream 0/1: name='Game Jam lvl3', format=2, channels=2, frequency=48000, lengthbytes=834240, lengthpcm=2997073, pcmblocksize=0, loopstart=0, loopend=0, mode=0x00000000, channelmask=0x00000000, channelorder=0, peakvolume=0.114223.
[LOG] AsyncThread::threadFunc                  : Finished Asynchronous operation on sound 000000004113D4F8
[LOG] AsyncThread::threadFunc                  : Starting Asynchronous operation on sound 000000004113D6A8
[LOG] SystemI::createSoundInternal             :     Create name='SoundGameJam\Build\Desktop/Master Bank.bank', mode=0x02010082
[LOG] SystemI::createSoundInternal             :     exinfo->cbsize             = 232
[LOG] SystemI::createSoundInternal             :     exinfo->length             = 4743488
[LOG] SystemI::createSoundInternal             :     exinfo->fileoffset         = 17056
[LOG] SystemI::createSoundInternal             :     exinfo->numsubsounds       = 1
[LOG] SystemI::createSoundInternal             :     exinfo->inclusionlist      = 000000001C229528
[LOG] SystemI::createSoundInternal             :     exinfo->inclusionlistnum   = 1
[LOG] SystemI::createSoundInternal             :     exinfo->suggestedsoundtype = 5
[LOG] SystemI::createSoundInternal             :     exinfo->initialseekpostype = 1
[LOG] SystemI::createSoundInternal             :     Stream 0/1: name='Game Jam lvl4', format=2, channels=2, frequency=48000, lengthbytes=898816, lengthpcm=2997073, pcmblocksize=0, loopstart=0, loopend=0, mode=0x00000000, channelmask=0x00000000, channelorder=0, peakvolume=0.331942.
[LOG] AsyncThread::threadFunc                  : Finished Asynchronous operation on sound 000000004113D6A8
[LOG] AsyncThread::threadFunc                  : Starting Asynchronous operation on sound 000000004113E278
[LOG] SystemI::createSoundInternal             :     Create name='SoundGameJam\Build\Desktop/Master Bank.bank', mode=0x02010082
[LOG] SystemI::createSoundInternal             :     exinfo->cbsize             = 232
[LOG] SystemI::createSoundInternal             :     exinfo->length             = 4743488
[LOG] SystemI::createSoundInternal             :     exinfo->fileoffset         = 17056
[LOG] SystemI::createSoundInternal             :     exinfo->numsubsounds       = 1
[LOG] SystemI::createSoundInternal             :     exinfo->inclusionlist      = 0000000041144C48
[LOG] SystemI::createSoundInternal             :     exinfo->inclusionlistnum   = 1
[LOG] SystemI::createSoundInternal             :     exinfo->suggestedsoundtype = 5
[LOG] SystemI::createSoundInternal             :     exinfo->initialseekpostype = 1
[LOG] SystemI::createSoundInternal             :     Stream 0/1: name='Game Jam lvl5', format=2, channels=2, frequency=48000, lengthbytes=832704, lengthpcm=2997073, pcmblocksize=0, loopstart=0, loopend=0, mode=0x00000000, channelmask=0x00000000, channelorder=0, peakvolume=0.246417.
[LOG] SoundI::getSubSound                      :     sound 000000001C1BEC58.  Subsound index 0 / 1
[LOG] SoundI::getSubSound                      :     sound 000000001C1BEE08.  Subsound index 0 / 1
[LOG] SoundI::getSubSound                      :     sound 000000001C1BF168.  Subsound index 0 / 1
[LOG] SoundI::getSubSound                      :     sound 000000004113E0C8.  Subsound index 0 / 1
[LOG] SoundI::getSubSound                      :     sound 000000004113C5C8.  Subsound index 0 / 1
[LOG] SoundI::getSubSound                      :     sound 000000004113D198.  Subsound index 0 / 1
[LOG] SoundI::getSubSound                      :     sound 000000004113DF18.  Subsound index 0 / 1
[LOG] SoundI::getSubSound                      :     sound 000000004113D348.  Subsound index 0 / 1
[LOG] SoundI::getSubSound                      :     sound 000000004113C778.  Subsound index 0 / 1
[LOG] SoundI::getSubSound                      :     sound 000000004113D4F8.  Subsound index 0 / 1
[LOG] SoundI::getSubSound                      :     sound 000000004113D6A8.  Subsound index 0 / 1
[LOG] AsyncThread::threadFunc                  : Finished Asynchronous operation on sound 000000004113E278
[LOG] SoundI::getSubSound                      : sound 000000004113E278.  Subsound index 0 / 1
[LOG] AsyncThread::threadFunc                  : Starting Asynchronous operation on sound 000000004113CAD8
[LOG] AsyncThread::threadFunc                  : Finished Asynchronous operation on sound 000000004113CAD8
[LOG] SoundI::release                          : Game Jam lvl5 (000000004113E278)
[LOG] SoundI::release                          :     Game Jam lvl5 (0000000040C97EB8)
[LOG] SoundI::release                          :     Game Jam lvl5 (000000004127D858)
[LOG] SoundI::release                          : Game Jam lvl4 (000000004113D6A8)
[LOG] SoundI::release                          :     Game Jam lvl4 (0000000040C98BB8)
[LOG] SoundI::release                          :     Game Jam lvl4 (000000004127E788)
[LOG] SoundI::release                          : Game Jam lvl3 (000000004113D4F8)
[LOG] SoundI::release                          :     Game Jam lvl3 (0000000040C97B78)
[LOG] SoundI::release                          :     Game Jam lvl3 (000000004127E278)
[LOG] SoundI::release                          : Game Jam lvl1 (000000004113C778)
[LOG] SoundI::release                          :     Game Jam lvl1 (0000000040C98A18)
[LOG] SoundI::release                          :     Game Jam lvl1 (000000004113DD68)
[LOG] SoundI::release                          : Game Jam lvl2 (000000004113D348)
[LOG] SoundI::release                          :     Game Jam lvl2 (0000000040C97698)
[LOG] SoundI::release                          :     Game Jam lvl2 (000000004113CAD8)
[LOG] SoundI::release                          : Game Jam lvl6 (000000004113DF18)
[LOG] SoundI::release                          :     Game Jam lvl6 (0000000040C97358)
[LOG] SoundI::release                          :     Game Jam lvl6 (000000004113CE38)
[LOG] SoundI::release                          : Game Jam lvl5 (000000004113D198)
[LOG] SoundI::release                          :     Game Jam lvl5 (0000000040C98878)
[LOG] SoundI::release                          :     Game Jam lvl5 (000000004113C928)
[LOG] SoundI::release                          : Game Jam lvl4 (000000004113C5C8)
[LOG] SoundI::release                          :     Game Jam lvl4 (0000000040C979D8)
[LOG] SoundI::release                          :     Game Jam lvl4 (000000004113DBB8)
[LOG] SoundI::release                          : Game Jam lvl3 (000000004113E0C8)
[LOG] SoundI::release                          :     Game Jam lvl3 (0000000040C97838)
[LOG] SoundI::release                          :     Game Jam lvl3 (000000004113DA08)
[LOG] SoundI::release                          : Game Jam lvl1 (000000001C1BF168)
[LOG] SoundI::release                          :     Game Jam lvl1 (0000000040C98398)
[LOG] SoundI::release                          :     Game Jam lvl1 (000000004113D858)
[LOG] SoundI::release                          : Game Jam lvl2 (000000001C1BEE08)
[LOG] SoundI::release                          :     Game Jam lvl2 (0000000040C98058)
[LOG] SoundI::release                          :     Game Jam lvl2 (000000004113CC88)
[LOG] SoundI::release                          : Game Jam lvl6 (000000001C1BEC58)
[LOG] SoundI::release                          :     Game Jam lvl6 (0000000040C986D8)
[LOG] SoundI::release                          :     Game Jam lvl6 (000000004113CFE8)
[LOG] Thread::callback                         : FMOD Studio update thread finished.
[LOG] Thread::callback                         : FMOD Studio bank load thread finished.
[LOG] Profile::disconnectAll                   : Profiler disconnecting all clients
[LOG] Thread::callback                         : FMOD Studio sample load thread finished.
[LOG] LiveUpdate::release                      : 
[LOG] LiveUpdate::reset                        : Reset connection (reason Disconnected)
[LOG] Thread::callback                         : FMOD stream thread finished.
[LOG] Thread::callback                         : FMOD mixer thread finished.
[LOG] Profile::disconnectAll                   : Profiler disconnecting all clients
[LOG] Thread::callback                         : FMOD nonblocking thread (0) finished.
[LOG] Thread::callback                         : FMOD file thread finished.
[LOG] SystemI::close                           : Closed.
